#
# There is insufficient memory for the Java Runtime Environment to continue.
# Native memory allocation (malloc) failed to allocate 360320 bytes for Chunk::new
# Possible reasons:
#   The system is out of physical RAM or swap space
#   In 32 bit mode, the process size limit was hit
# Possible solutions:
#   Reduce memory load on the system
#   Increase physical memory or swap space
#   Check if swap backing store is full
#   Use 64 bit Java on a 64 bit OS
#   Decrease Java heap size (-Xmx/-Xms)
#   Decrease number of Java threads
#   Decrease Java thread stack sizes (-Xss)
#   Set larger code cache with -XX:ReservedCodeCacheSize=
# This output file may be truncated or incomplete.
#
#  Out of Memory Error (allocation.cpp:323), pid=4452, tid=6388
#
# JRE version: Java(TM) SE Runtime Environment (7.0_75-b13) (build 1.7.0_75-b13)
# Java VM: Java HotSpot(TM) 64-Bit Server VM (24.75-b04 mixed mode windows-amd64 compressed oops)
# Failed to write core dump. Minidumps are not enabled by default on client versions of Windows
#

---------------  T H R E A D  ---------------

Current thread (0x0000000007f6e800):  JavaThread "C2 CompilerThread0" daemon [_thread_in_native, id=6388, stack(0x00000000094e0000,0x00000000095e0000)]

Stack: [0x00000000094e0000,0x00000000095e0000]
[error occurred during error reporting (printing stack bounds), id 0xc0000005]


[error occurred during error reporting (printing native stack), id 0xc0000005]


Current CompileTask:
C2:   5581  778             com.android.dx.dex.file.DebugInfoEncoder::emitHeader (530 bytes)


---------------  P R O C E S S  ---------------

Java Threads: ( => current thread )
  0x0000000009b01800 JavaThread "pool-1-thread-1" [_thread_in_Java, id=2796, stack(0x0000000009ce0000,0x0000000009de0000)]
  0x0000000007f7b000 JavaThread "Service Thread" daemon [_thread_blocked, id=6428, stack(0x00000000096e0000,0x00000000097e0000)]
  0x0000000007f78800 JavaThread "C2 CompilerThread1" daemon [_thread_blocked, id=1816, stack(0x00000000095e0000,0x00000000096e0000)]
=>0x0000000007f6e800 JavaThread "C2 CompilerThread0" daemon [_thread_in_native, id=6388, stack(0x00000000094e0000,0x00000000095e0000)]
  0x0000000007f6d800 JavaThread "Attach Listener" daemon [_thread_blocked, id=2340, stack(0x00000000093e0000,0x00000000094e0000)]
  0x0000000007f6a800 JavaThread "Signal Dispatcher" daemon [_thread_blocked, id=6728, stack(0x00000000092e0000,0x00000000093e0000)]
  0x0000000007f1f800 JavaThread "Finalizer" daemon [_thread_blocked, id=6484, stack(0x00000000091e0000,0x00000000092e0000)]
  0x0000000007f15800 JavaThread "Reference Handler" daemon [_thread_blocked, id=3220, stack(0x00000000090e0000,0x00000000091e0000)]
  0x0000000001c5d800 JavaThread "main" [_thread_blocked, id=1168, stack(0x0000000001f80000,0x0000000002080000)]

Other Threads:
  0x0000000007f11800 VMThread [stack: 0x0000000008fe0000,0x00000000090e0000] [id=2652]
  0x0000000007f89800 WatcherThread [stack: 0x00000000097e0000,0x00000000098e0000] [id=6220]

VM state:not at safepoint (normal execution)

VM Mutex/Monitor currently owned by a thread: None

Heap
 PSYoungGen      total 136192K, used 15098K [0x00000000eaa80000, 0x00000000fdf80000, 0x0000000100000000)
  eden space 131072K, 7% used [0x00000000eaa80000,0x00000000eb43ec98,0x00000000f2a80000)
  from space 5120K, 99% used [0x00000000f2a80000,0x00000000f2f7fec0,0x00000000f2f80000)
  to   space 27136K, 0% used [0x00000000fc500000,0x00000000fc500000,0x00000000fdf80000)
 ParOldGen       total 86016K, used 45392K [0x00000000c0000000, 0x00000000c5400000, 0x00000000eaa80000)
  object space 86016K, 52% used [0x00000000c0000000,0x00000000c2c542b0,0x00000000c5400000)
 PSPermGen       total 21504K, used 6350K [0x00000000bae00000, 0x00000000bc300000, 0x00000000c0000000)
  object space 21504K, 29% used [0x00000000bae00000,0x00000000bb433860,0x00000000bc300000)

Card table byte_map: [0x0000000005180000,0x00000000053b0000] byte_map_base: 0x0000000004ba9000

Polling page: 0x00000000003c0000

Code Cache  [0x0000000002180000, 0x0000000002440000, 0x0000000005180000)
 total_blobs=999 nmethods=759 adapters=192 free_code_cache=46474Kb largest_free_block=47483968

Compilation events (10 events):
Event: 5.391 Thread 0x0000000007f6e800 nmethod 774 0x0000000002289a50 code [0x0000000002289b80, 0x0000000002289bd8]
Event: 5.393 Thread 0x0000000007f78800  775             com.android.dx.dex.code.LocalList::get (9 bytes)
Event: 5.394 Thread 0x0000000007f78800 nmethod 775 0x000000000228a950 code [0x000000000228aaa0, 0x000000000228ab58]
Event: 5.399 Thread 0x0000000007f6e800  776             com.android.dx.dex.code.LocalList$Entry::getAddress (5 bytes)
Event: 5.399 Thread 0x0000000007f6e800 nmethod 776 0x000000000228a750 code [0x000000000228a880, 0x000000000228a8d8]
Event: 5.416 Thread 0x0000000007f78800  777             com.android.dex.Leb128::writeUnsignedLeb128 (46 bytes)
Event: 5.419 Thread 0x0000000007f6e800  778             com.android.dx.dex.file.DebugInfoEncoder::emitHeader (530 bytes)
Event: 5.426 Thread 0x0000000007f78800 nmethod 777 0x00000000022cb610 code [0x00000000022cb7a0, 0x00000000022cbed8]
Event: 5.435 Thread 0x0000000007f78800  779             com.android.dx.dex.file.DebugInfoEncoder::emitLocalsAtAddress (150 bytes)
Event: 5.451 Thread 0x0000000007f78800 nmethod 779 0x00000000022cc590 code [0x00000000022cc800, 0x00000000022cd318]

GC Heap History (10 events):
Event: 1.790 GC heap before
{Heap before GC invocations=1 (full 0):
 PSYoungGen      total 37888K, used 32768K [0x00000000eaa80000, 0x00000000ed480000, 0x0000000100000000)
  eden space 32768K, 100% used [0x00000000eaa80000,0x00000000eca80000,0x00000000eca80000)
  from space 5120K, 0% used [0x00000000ecf80000,0x00000000ecf80000,0x00000000ed480000)
  to   space 5120K, 0% used [0x00000000eca80000,0x00000000eca80000,0x00000000ecf80000)
 ParOldGen       total 86016K, used 0K [0x00000000c0000000, 0x00000000c5400000, 0x00000000eaa80000)
  object space 86016K, 0% used [0x00000000c0000000,0x00000000c0000000,0x00000000c5400000)
 PSPermGen       total 21504K, used 5867K [0x00000000bae00000, 0x00000000bc300000, 0x00000000c0000000)
  object space 21504K, 27% used [0x00000000bae00000,0x00000000bb3baca0,0x00000000bc300000)
Event: 2.027 GC heap after
Heap after GC invocations=1 (full 0):
 PSYoungGen      total 37888K, used 5119K [0x00000000eaa80000, 0x00000000ef480000, 0x0000000100000000)
  eden space 32768K, 0% used [0x00000000eaa80000,0x00000000eaa80000,0x00000000eca80000)
  from space 5120K, 99% used [0x00000000eca80000,0x00000000ecf7fed0,0x00000000ecf80000)
  to   space 5120K, 0% used [0x00000000eef80000,0x00000000eef80000,0x00000000ef480000)
 ParOldGen       total 86016K, used 882K [0x00000000c0000000, 0x00000000c5400000, 0x00000000eaa80000)
  object space 86016K, 1% used [0x00000000c0000000,0x00000000c00dcad8,0x00000000c5400000)
 PSPermGen       total 21504K, used 5867K [0x00000000bae00000, 0x00000000bc300000, 0x00000000c0000000)
  object space 21504K, 27% used [0x00000000bae00000,0x00000000bb3baca0,0x00000000bc300000)
}
Event: 2.729 GC heap before
{Heap before GC invocations=2 (full 0):
 PSYoungGen      total 37888K, used 37887K [0x00000000eaa80000, 0x00000000ef480000, 0x0000000100000000)
  eden space 32768K, 100% used [0x00000000eaa80000,0x00000000eca80000,0x00000000eca80000)
  from space 5120K, 99% used [0x00000000eca80000,0x00000000ecf7fed0,0x00000000ecf80000)
  to   space 5120K, 0% used [0x00000000eef80000,0x00000000eef80000,0x00000000ef480000)
 ParOldGen       total 86016K, used 882K [0x00000000c0000000, 0x00000000c5400000, 0x00000000eaa80000)
  object space 86016K, 1% used [0x00000000c0000000,0x00000000c00dcad8,0x00000000c5400000)
 PSPermGen       total 21504K, used 5959K [0x00000000bae00000, 0x00000000bc300000, 0x00000000c0000000)
  object space 21504K, 27% used [0x00000000bae00000,0x00000000bb3d1cb0,0x00000000bc300000)
Event: 2.798 GC heap after
Heap after GC invocations=2 (full 0):
 PSYoungGen      total 70656K, used 5113K [0x00000000eaa80000, 0x00000000ef480000, 0x0000000100000000)
  eden space 65536K, 0% used [0x00000000eaa80000,0x00000000eaa80000,0x00000000eea80000)
  from space 5120K, 99% used [0x00000000eef80000,0x00000000ef47e5c0,0x00000000ef480000)
  to   space 5120K, 0% used [0x00000000eea80000,0x00000000eea80000,0x00000000eef80000)
 ParOldGen       total 86016K, used 5243K [0x00000000c0000000, 0x00000000c5400000, 0x00000000eaa80000)
  object space 86016K, 6% used [0x00000000c0000000,0x00000000c051ec90,0x00000000c5400000)
 PSPermGen       total 21504K, used 5959K [0x00000000bae00000, 0x00000000bc300000, 0x00000000c0000000)
  object space 21504K, 27% used [0x00000000bae00000,0x00000000bb3d1cb0,0x00000000bc300000)
}
Event: 3.652 GC heap before
{Heap before GC invocations=3 (full 0):
 PSYoungGen      total 70656K, used 70649K [0x00000000eaa80000, 0x00000000ef480000, 0x0000000100000000)
  eden space 65536K, 100% used [0x00000000eaa80000,0x00000000eea80000,0x00000000eea80000)
  from space 5120K, 99% used [0x00000000eef80000,0x00000000ef47e5c0,0x00000000ef480000)
  to   space 5120K, 0% used [0x00000000eea80000,0x00000000eea80000,0x00000000eef80000)
 ParOldGen       total 86016K, used 5243K [0x00000000c0000000, 0x00000000c5400000, 0x00000000eaa80000)
  object space 86016K, 6% used [0x00000000c0000000,0x00000000c051ec90,0x00000000c5400000)
 PSPermGen       total 21504K, used 6022K [0x00000000bae00000, 0x00000000bc300000, 0x00000000c0000000)
  object space 21504K, 28% used [0x00000000bae00000,0x00000000bb3e1900,0x00000000bc300000)
Event: 3.740 GC heap after
Heap after GC invocations=3 (full 0):
 PSYoungGen      total 70656K, used 5096K [0x00000000eaa80000, 0x00000000f3480000, 0x0000000100000000)
  eden space 65536K, 0% used [0x00000000eaa80000,0x00000000eaa80000,0x00000000eea80000)
  from space 5120K, 99% used [0x00000000eea80000,0x00000000eef7a2c8,0x00000000eef80000)
  to   space 5120K, 0% used [0x00000000f2f80000,0x00000000f2f80000,0x00000000f3480000)
 ParOldGen       total 86016K, used 15370K [0x00000000c0000000, 0x00000000c5400000, 0x00000000eaa80000)
  object space 86016K, 17% used [0x00000000c0000000,0x00000000c0f02810,0x00000000c5400000)
 PSPermGen       total 21504K, used 6022K [0x00000000bae00000, 0x00000000bc300000, 0x00000000c0000000)
  object space 21504K, 28% used [0x00000000bae00000,0x00000000bb3e1900,0x00000000bc300000)
}
Event: 4.008 GC heap before
{Heap before GC invocations=4 (full 0):
 PSYoungGen      total 70656K, used 70632K [0x00000000eaa80000, 0x00000000f3480000, 0x0000000100000000)
  eden space 65536K, 100% used [0x00000000eaa80000,0x00000000eea80000,0x00000000eea80000)
  from space 5120K, 99% used [0x00000000eea80000,0x00000000eef7a2c8,0x00000000eef80000)
  to   space 5120K, 0% used [0x00000000f2f80000,0x00000000f2f80000,0x00000000f3480000)
 ParOldGen       total 86016K, used 15370K [0x00000000c0000000, 0x00000000c5400000, 0x00000000eaa80000)
  object space 86016K, 17% used [0x00000000c0000000,0x00000000c0f02810,0x00000000c5400000)
 PSPermGen       total 21504K, used 6060K [0x00000000bae00000, 0x00000000bc300000, 0x00000000c0000000)
  object space 21504K, 28% used [0x00000000bae00000,0x00000000bb3eb070,0x00000000bc300000)
Event: 4.042 GC heap after
Heap after GC invocations=4 (full 0):
 PSYoungGen      total 136192K, used 5089K [0x00000000eaa80000, 0x00000000f3480000, 0x0000000100000000)
  eden space 131072K, 0% used [0x00000000eaa80000,0x00000000eaa80000,0x00000000f2a80000)
  from space 5120K, 99% used [0x00000000f2f80000,0x00000000f34786b8,0x00000000f3480000)
  to   space 5120K, 0% used [0x00000000f2a80000,0x00000000f2a80000,0x00000000f2f80000)
 ParOldGen       total 86016K, used 25815K [0x00000000c0000000, 0x00000000c5400000, 0x00000000eaa80000)
  object space 86016K, 30% used [0x00000000c0000000,0x00000000c1935e40,0x00000000c5400000)
 PSPermGen       total 21504K, used 6060K [0x00000000bae00000, 0x00000000bc300000, 0x00000000c0000000)
  object space 21504K, 28% used [0x00000000bae00000,0x00000000bb3eb070,0x00000000bc300000)
}
Event: 4.878 GC heap before
{Heap before GC invocations=5 (full 0):
 PSYoungGen      total 136192K, used 136161K [0x00000000eaa80000, 0x00000000f3480000, 0x0000000100000000)
  eden space 131072K, 100% used [0x00000000eaa80000,0x00000000f2a80000,0x00000000f2a80000)
  from space 5120K, 99% used [0x00000000f2f80000,0x00000000f34786b8,0x00000000f3480000)
  to   space 5120K, 0% used [0x00000000f2a80000,0x00000000f2a80000,0x00000000f2f80000)
 ParOldGen       total 86016K, used 25815K [0x00000000c0000000, 0x00000000c5400000, 0x00000000eaa80000)
  object space 86016K, 30% used [0x00000000c0000000,0x00000000c1935e40,0x00000000c5400000)
 PSPermGen       total 21504K, used 6289K [0x00000000bae00000, 0x00000000bc300000, 0x00000000c0000000)
  object space 21504K, 29% used [0x00000000bae00000,0x00000000bb4247c8,0x00000000bc300000)
Event: 4.937 GC heap after
Heap after GC invocations=5 (full 0):
 PSYoungGen      total 136192K, used 5119K [0x00000000eaa80000, 0x00000000fdf80000, 0x0000000100000000)
  eden space 131072K, 0% used [0x00000000eaa80000,0x00000000eaa80000,0x00000000f2a80000)
  from space 5120K, 99% used [0x00000000f2a80000,0x00000000f2f7fec0,0x00000000f2f80000)
  to   space 27136K, 0% used [0x00000000fc500000,0x00000000fc500000,0x00000000fdf80000)
 ParOldGen       total 86016K, used 45392K [0x00000000c0000000, 0x00000000c5400000, 0x00000000eaa80000)
  object space 86016K, 52% used [0x00000000c0000000,0x00000000c2c542b0,0x00000000c5400000)
 PSPermGen       total 21504K, used 6289K [0x00000000bae00000, 0x00000000bc300000, 0x00000000c0000000)
  object space 21504K, 29% used [0x00000000bae00000,0x00000000bb4247c8,0x00000000bc300000)
}

Deoptimization events (10 events):
Event: 4.307 Thread 0x0000000009b09000 Uncommon trap: reason=class_check action=maybe_recompile pc=0x00000000023aa9a8 method=com.android.dx.ssa.back.FirstFitLocalCombiningAllocator.findNextUnreservedRopReg(IILcom/android/dx/ssa/back/FirstFitLocalCombiningAllocator$Alignment;)I @ 60
Event: 4.310 Thread 0x0000000009b09000 Uncommon trap: reason=class_check action=maybe_recompile pc=0x00000000023b3eec method=com.android.dx.cf.code.BytecodeArray.parseInstruction(ILcom/android/dx/cf/code/BytecodeArray$Visitor;)I @ 1939
Event: 4.569 Thread 0x0000000009b01800 Uncommon trap: reason=null_check action=make_not_entrant pc=0x000000000225c75c method=com.android.dx.rop.cst.CstType.intern(Lcom/android/dx/rop/type/Type;)Lcom/android/dx/rop/cst/CstType; @ 13
Event: 4.645 Thread 0x0000000009b01800 Uncommon trap: reason=unreached action=reinterpret pc=0x00000000022955ec method=com.android.dx.dex.file.DexFile.internIfAppropriate(Lcom/android/dx/rop/cst/Constant;)V @ 92
Event: 4.810 Thread 0x0000000009b01800 Uncommon trap: reason=predicate action=maybe_recompile pc=0x0000000002411d80 method=java.util.ComparableTimSort.binarySort([Ljava/lang/Object;III)V @ 37
Event: 4.829 Thread 0x0000000009b01800 Uncommon trap: reason=null_check action=make_not_entrant pc=0x00000000022b3ba0 method=com.android.dx.dex.code.LocalList$MakeState.finish()Lcom/android/dx/dex/code/LocalList; @ 81
Event: 4.996 Thread 0x0000000009b01800 Uncommon trap: reason=array_check action=maybe_recompile pc=0x00000000022b7f98 method=java.util.ComparableTimSort.binarySort([Ljava/lang/Object;III)V @ 183
Event: 5.011 Thread 0x0000000009b01800 Uncommon trap: reason=array_check action=maybe_recompile pc=0x00000000022b7ed0 method=java.util.ComparableTimSort.binarySort([Ljava/lang/Object;III)V @ 193
Event: 5.027 Thread 0x0000000009b01800 Uncommon trap: reason=array_check action=maybe_recompile pc=0x00000000022b7f98 method=java.util.ComparableTimSort.binarySort([Ljava/lang/Object;III)V @ 183
Event: 5.027 Thread 0x0000000009b01800 Uncommon trap: reason=array_check action=maybe_recompile pc=0x00000000022b7ed0 method=java.util.ComparableTimSort.binarySort([Ljava/lang/Object;III)V @ 193

Internal exceptions (10 events):
Event: 4.746 Thread 0x0000000009b01800 Threw 0x00000000f27ed6b0 at C:\re\jdk7u75\1940\hotspot\src\share\vm\prims\jvm.cpp:1281
Event: 4.747 Thread 0x0000000009b01800 Threw 0x00000000f27f1b00 at C:\re\jdk7u75\1940\hotspot\src\share\vm\prims\jvm.cpp:1281
Event: 4.754 Thread 0x0000000009b01800 Threw 0x00000000f2805710 at C:\re\jdk7u75\1940\hotspot\src\share\vm\prims\jvm.cpp:1281
Event: 4.754 Thread 0x0000000009b01800 Threw 0x00000000f2808440 at C:\re\jdk7u75\1940\hotspot\src\share\vm\prims\jvm.cpp:1281
Event: 4.755 Thread 0x0000000009b01800 Threw 0x00000000f280b348 at C:\re\jdk7u75\1940\hotspot\src\share\vm\prims\jvm.cpp:1281
Event: 4.758 Thread 0x0000000009b01800 Threw 0x00000000f281bea0 at C:\re\jdk7u75\1940\hotspot\src\share\vm\prims\jvm.cpp:1281
Event: 4.829 Thread 0x0000000009b01800 Implicit null exception at 0x00000000022b3118 to 0x00000000022b3b95
Event: 5.228 Thread 0x0000000009b01800 Threw 0x00000000eb175d60 at C:\re\jdk7u75\1940\hotspot\src\share\vm\prims\jvm.cpp:1281
Event: 5.229 Thread 0x0000000009b01800 Threw 0x00000000eb1817b8 at C:\re\jdk7u75\1940\hotspot\src\share\vm\prims\jvm.cpp:1281
Event: 5.229 Thread 0x0000000009b01800 Threw 0x00000000eb184208 at C:\re\jdk7u75\1940\hotspot\src\share\vm\prims\jvm.cpp:1281

Events (10 events):
Event: 5.027 Thread 0x0000000009b01800 DEOPT UNPACKING pc=0x00000000021b75a4 sp=0x0000000009dded38 mode 2
Event: 5.027 Thread 0x0000000009b01800 Uncommon trap: trap_request=0xffffffd6 fr.pc=0x00000000022b7ed0
Event: 5.027 Thread 0x0000000009b01800 DEOPT PACKING pc=0x00000000022b7ed0 sp=0x0000000009dded70
Event: 5.027 Thread 0x0000000009b01800 DEOPT UNPACKING pc=0x00000000021b75a4 sp=0x0000000009dded38 mode 2
Event: 5.228 loading class 0x0000000009c38ee0
Event: 5.228 loading class 0x0000000009c38ee0 done
Event: 5.229 loading class 0x0000000009c362e0
Event: 5.229 loading class 0x0000000009c362e0 done
Event: 5.229 loading class 0x0000000009c36de0
Event: 5.229 loading class 0x0000000009c36de0 done


Dynamic libraries:
0x00007ff6e71a0000 - 0x00007ff6e71d3000 	C:\Program Files\Java\jdk1.7.0_75\bin\java.exe
0x00007ffa17610000 - 0x00007ffa177b9000 	C:\Windows\SYSTEM32\ntdll.dll
0x00007ffa16850000 - 0x00007ffa16989000 	C:\Windows\system32\KERNEL32.DLL
0x00007ffa14a60000 - 0x00007ffa14b6e000 	C:\Windows\system32\KERNELBASE.dll
0x00007ffa16f30000 - 0x00007ffa16fd5000 	C:\Windows\system32\ADVAPI32.dll
0x00007ffa16db0000 - 0x00007ffa16f21000 	C:\Windows\system32\USER32.dll
0x00007ffa10f70000 - 0x00007ffa111ca000 	C:\Windows\WinSxS\amd64_microsoft.windows.common-controls_6595b64144ccf1df_6.0.9600.16384_none_62475f7becb72503\COMCTL32.dll
0x00007ffa151f0000 - 0x00007ffa15297000 	C:\Windows\system32\msvcrt.dll
0x00007ffa17390000 - 0x00007ffa173e7000 	C:\Windows\SYSTEM32\sechost.dll
0x00007ffa15300000 - 0x00007ffa15436000 	C:\Windows\system32\RPCRT4.dll
0x00007ffa17190000 - 0x00007ffa172d5000 	C:\Windows\system32\GDI32.dll
0x00007ffa14f70000 - 0x00007ffa14fa4000 	C:\Windows\system32\IMM32.DLL
0x00007ffa16fe0000 - 0x00007ffa17119000 	C:\Windows\system32\MSCTF.dll
0x0000000065a60000 - 0x0000000065b32000 	C:\Program Files\Java\jdk1.7.0_75\jre\bin\msvcr100.dll
0x0000000065280000 - 0x0000000065a54000 	C:\Program Files\Java\jdk1.7.0_75\jre\bin\server\jvm.dll
0x00007ffa0ef30000 - 0x00007ffa0ef39000 	C:\Windows\SYSTEM32\WSOCK32.dll
0x00007ffa0faf0000 - 0x00007ffa0fb0f000 	C:\Windows\SYSTEM32\WINMM.dll
0x00007ffa17180000 - 0x00007ffa17187000 	C:\Windows\system32\PSAPI.DLL
0x00007ffa152a0000 - 0x00007ffa152f8000 	C:\Windows\system32\WS2_32.dll
0x00007ffa0fac0000 - 0x00007ffa0faea000 	C:\Windows\SYSTEM32\WINMMBASE.dll
0x00007ffa17590000 - 0x00007ffa17599000 	C:\Windows\system32\NSI.dll
0x00007ffa14bc0000 - 0x00007ffa14c0a000 	C:\Windows\SYSTEM32\cfgmgr32.dll
0x00007ffa13810000 - 0x00007ffa13836000 	C:\Windows\SYSTEM32\DEVOBJ.dll
0x0000000065270000 - 0x000000006527f000 	C:\Program Files\Java\jdk1.7.0_75\jre\bin\verify.dll
0x0000000065240000 - 0x0000000065268000 	C:\Program Files\Java\jdk1.7.0_75\jre\bin\java.dll
0x0000000065220000 - 0x0000000065235000 	C:\Program Files\Java\jdk1.7.0_75\jre\bin\zip.dll
0x0000000065200000 - 0x0000000065219000 	C:\Program Files\Java\jdk1.7.0_75\jre\bin\net.dll
0x00007ffa14250000 - 0x00007ffa142a8000 	C:\Windows\system32\mswsock.dll
0x00000000651e0000 - 0x00000000651f1000 	C:\Program Files\Java\jdk1.7.0_75\jre\bin\nio.dll

VM Arguments:
jvm_args: -Djava.awt.headless=true -Xmx1024M -Dfile.encoding=GBK -Duser.country=CN -Duser.language=zh -Duser.variant 
java_command: com.android.dx.command.Main --dex --force-jumbo --num-threads=4 --multi-dex --output D:\ASprogects\Tools\app\build\intermediates\transforms\dex\debug\folders\1000\10\com.android.support-appcompat-v7-23.4.0_ed97c6feff15e1a7676db364f0a9d5e26a4a15b2 D:\ASprogects\Tools\app\build\intermediates\exploded-aar\com.android.support\appcompat-v7\23.4.0\jars\classes.jar
Launcher Type: SUN_STANDARD

Environment Variables:
JAVA_HOME=C:\Program Files\Java\jdk1.8.0_31
PATH=C:\ProgramData\Oracle\Java\javapath;C:\Windows\system32;C:\Windows;C:\Windows\System32\Wbem;C:\Windows\System32\WindowsPowerShell\v1.0\;C:\Program Files\Java\jdk1.8.0_31bin;D:\development\Android\sdk\platform-tools;C:\Program Files\TortoiseGit\bin;C:\Program Files (x86)\Git\bin
USERNAME=Administrator
OS=Windows_NT
PROCESSOR_IDENTIFIER=Intel64 Family 6 Model 58 Stepping 9, GenuineIntel



---------------  S Y S T E M  ---------------

OS: Windows 8.1 , 64 bit Build 9600 

CPU:total 4 (4 cores per cpu, 1 threads per core) family 6 model 58 stepping 9, cmov, cx8, fxsr, mmx, sse, sse2, sse3, ssse3, sse4.1, sse4.2, popcnt, avx, aes, erms, tsc, tscinvbit, tscinv

Memory: 4k page, physical 8259596k(1505476k free), swap 8259596k(5104k free)

vm_info: Java HotSpot(TM) 64-Bit Server VM (24.75-b04) for windows-amd64 JRE (1.7.0_75-b13), built on Dec 18 2014 17:15:01 by "java_re" with unknown MS VC++:1600

time: Thu Jun 16 10:30:41 2016
elapsed time: 5 seconds

