#
# There is insufficient memory for the Java Runtime Environment to continue.
# Native memory allocation (malloc) failed to allocate 445776 bytes for Chunk::new
# Possible reasons:
#   The system is out of physical RAM or swap space
#   In 32 bit mode, the process size limit was hit
# Possible solutions:
#   Reduce memory load on the system
#   Increase physical memory or swap space
#   Check if swap backing store is full
#   Use 64 bit Java on a 64 bit OS
#   Decrease Java heap size (-Xmx/-Xms)
#   Decrease number of Java threads
#   Decrease Java thread stack sizes (-Xss)
#   Set larger code cache with -XX:ReservedCodeCacheSize=
# This output file may be truncated or incomplete.
#
#  Out of Memory Error (allocation.cpp:323), pid=1468, tid=6644
#
# JRE version: Java(TM) SE Runtime Environment (7.0_75-b13) (build 1.7.0_75-b13)
# Java VM: Java HotSpot(TM) 64-Bit Server VM (24.75-b04 mixed mode windows-amd64 compressed oops)
# Failed to write core dump. Minidumps are not enabled by default on client versions of Windows
#

---------------  T H R E A D  ---------------

Current thread (0x0000000008f4f000):  JavaThread "C2 CompilerThread0" daemon [_thread_in_native, id=6644, stack(0x000000000a4a0000,0x000000000a5a0000)]

Stack: [0x000000000a4a0000,0x000000000a5a0000]
[error occurred during error reporting (printing stack bounds), id 0xc0000005]


Current CompileTask:
C2:   4002  148   !         com.android.dx.cf.code.Ropper::processBlock (1101 bytes)


---------------  P R O C E S S  ---------------

Java Threads: ( => current thread )
  0x000000000aa1b800 JavaThread "pool-2-thread-4" [_thread_in_Java, id=5408, stack(0x000000000b0a0000,0x000000000b1a0000)]
  0x000000000a9ef800 JavaThread "pool-2-thread-3" [_thread_in_Java, id=6296, stack(0x000000000afa0000,0x000000000b0a0000)]
  0x000000000a9ee800 JavaThread "pool-2-thread-2" [_thread_in_Java, id=7072, stack(0x000000000aea0000,0x000000000afa0000)]
  0x000000000a941800 JavaThread "pool-3-thread-1" [_thread_blocked, id=2396, stack(0x000000000ada0000,0x000000000aea0000)]
  0x000000000a96d000 JavaThread "pool-2-thread-1" [_thread_in_Java, id=5372, stack(0x000000000aca0000,0x000000000ada0000)]
  0x0000000008f5f000 JavaThread "Service Thread" daemon [_thread_blocked, id=3760, stack(0x000000000a6a0000,0x000000000a7a0000)]
  0x0000000008f59000 JavaThread "C2 CompilerThread1" daemon [_thread_in_native, id=1476, stack(0x000000000a5a0000,0x000000000a6a0000)]
=>0x0000000008f4f000 JavaThread "C2 CompilerThread0" daemon [_thread_in_native, id=6644, stack(0x000000000a4a0000,0x000000000a5a0000)]
  0x0000000008f4e000 JavaThread "Attach Listener" daemon [_thread_blocked, id=6940, stack(0x000000000a3a0000,0x000000000a4a0000)]
  0x0000000008f4a800 JavaThread "Signal Dispatcher" daemon [_thread_blocked, id=6332, stack(0x000000000a2a0000,0x000000000a3a0000)]
  0x0000000008eff000 JavaThread "Finalizer" daemon [_thread_blocked, id=6944, stack(0x000000000a1a0000,0x000000000a2a0000)]
  0x0000000008ef5800 JavaThread "Reference Handler" daemon [_thread_blocked, id=6852, stack(0x000000000a0a0000,0x000000000a1a0000)]
  0x000000000309d800 JavaThread "main" [_thread_blocked, id=1816, stack(0x0000000002ad0000,0x0000000002bd0000)]

Other Threads:
  0x0000000008ef1800 VMThread [stack: 0x0000000009fa0000,0x000000000a0a0000] [id=6480]
  0x0000000008f6d800 WatcherThread [stack: 0x000000000a7a0000,0x000000000a8a0000] [id=4796]

VM state:not at safepoint (normal execution)

VM Mutex/Monitor currently owned by a thread: None

Heap
 PSYoungGen      total 37888K, used 25264K [0x00000000eaa80000, 0x00000000ed480000, 0x0000000100000000)
  eden space 32768K, 77% used [0x00000000eaa80000,0x00000000ec32c2a8,0x00000000eca80000)
  from space 5120K, 0% used [0x00000000ecf80000,0x00000000ecf80000,0x00000000ed480000)
  to   space 5120K, 0% used [0x00000000eca80000,0x00000000eca80000,0x00000000ecf80000)
 ParOldGen       total 86016K, used 0K [0x00000000c0000000, 0x00000000c5400000, 0x00000000eaa80000)
  object space 86016K, 0% used [0x00000000c0000000,0x00000000c0000000,0x00000000c5400000)
 PSPermGen       total 21504K, used 5415K [0x00000000bae00000, 0x00000000bc300000, 0x00000000c0000000)
  object space 21504K, 25% used [0x00000000bae00000,0x00000000bb349f60,0x00000000bc300000)

Card table byte_map: [0x0000000006160000,0x0000000006390000] byte_map_base: 0x0000000005b89000

Polling page: 0x0000000002bd0000

Code Cache  [0x00000000030a0000, 0x0000000003310000, 0x00000000060a0000)
 total_blobs=385 nmethods=169 adapters=168 free_code_cache=48451Kb largest_free_block=49588480

Compilation events (10 events):
Event: 3.865 Thread 0x0000000008f59000  153             java.util.BitSet::clear (70 bytes)
Event: 3.866 Thread 0x0000000008f59000 nmethod 153 0x000000000313ac90 code [0x000000000313ade0, 0x000000000313aed8]
Event: 3.866 Thread 0x0000000008f59000  154   !         com.android.dx.rop.code.BasicBlock::<init> (273 bytes)
Event: 3.873 Thread 0x0000000008f59000 nmethod 154 0x0000000003139f50 code [0x000000000313a0c0, 0x000000000313a558]
Event: 3.873 Thread 0x0000000008f59000  155             com.android.dx.rop.code.InsnList::set (7 bytes)
Event: 3.873 Thread 0x0000000008f59000 nmethod 155 0x0000000003146110 code [0x0000000003146260, 0x0000000003146358]
Event: 3.873 Thread 0x0000000008f59000  156             com.android.dx.cf.code.LineNumberList::pcToLine (73 bytes)
Event: 3.875 Thread 0x0000000008f59000 nmethod 156 0x0000000003145d10 code [0x0000000003145e60, 0x0000000003145f98]
Event: 3.875 Thread 0x0000000008f59000  157             com.android.dx.ssa.NormalSsaInsn::getLocalAssignment (54 bytes)
Event: 3.876 Thread 0x0000000008f59000 nmethod 157 0x0000000003139c10 code [0x0000000003139d60, 0x0000000003139e28]

GC Heap History (0 events):
No events

Deoptimization events (1 events):
Event: 3.299 Thread 0x000000000a9ef800 Uncommon trap: reason=null_check action=make_not_entrant pc=0x000000000311846c method=com.android.dx.rop.code.LocalItem.equals(Ljava/lang/Object;)Z @ 1

Internal exceptions (10 events):
Event: 3.255 Thread 0x000000000a9ee800 Threw 0x00000000eb4bbd08 at C:\re\jdk7u75\1940\hotspot\src\share\vm\prims\jvm.cpp:1281
Event: 3.258 Thread 0x000000000309d800 Threw 0x00000000eb2f38a8 at C:\re\jdk7u75\1940\hotspot\src\share\vm\prims\jvm.cpp:1281
Event: 3.258 Thread 0x000000000a9ee800 Threw 0x00000000eb5b12f0 at C:\re\jdk7u75\1940\hotspot\src\share\vm\prims\jvm.cpp:1281
Event: 3.259 Thread 0x000000000309d800 Threw 0x00000000eb2f9b50 at C:\re\jdk7u75\1940\hotspot\src\share\vm\prims\jvm.cpp:1281
Event: 3.259 Thread 0x000000000309d800 Threw 0x00000000eb2ff428 at C:\re\jdk7u75\1940\hotspot\src\share\vm\prims\jvm.cpp:1281
Event: 3.260 Thread 0x000000000309d800 Threw 0x00000000eb307f70 at C:\re\jdk7u75\1940\hotspot\src\share\vm\prims\jvm.cpp:1281
Event: 3.260 Thread 0x000000000309d800 Threw 0x00000000eb30d238 at C:\re\jdk7u75\1940\hotspot\src\share\vm\prims\jvm.cpp:1281
Event: 3.261 Thread 0x000000000309d800 Threw 0x00000000eb310a68 at C:\re\jdk7u75\1940\hotspot\src\share\vm\prims\jvm.cpp:1281
Event: 3.276 Thread 0x000000000aa1b800 Threw 0x00000000eb1f3410 at C:\re\jdk7u75\1940\hotspot\src\share\vm\prims\jvm.cpp:1281
Event: 3.680 Thread 0x000000000309d800 Threw 0x00000000ebbb91a8 at C:\re\jdk7u75\1940\hotspot\src\share\vm\prims\jvm.cpp:1281

Events (10 events):
Event: 3.276 loading class 0x000000000a9993b0 done
Event: 3.279 loading class 0x0000000002f7e0c0
Event: 3.279 loading class 0x0000000002f7e0c0 done
Event: 3.299 Thread 0x000000000a9ef800 Uncommon trap: trap_request=0xfffffff4 fr.pc=0x000000000311846c
Event: 3.299 Thread 0x000000000a9ef800 DEOPT PACKING pc=0x000000000311846c sp=0x000000000b09ee10
Event: 3.299 Thread 0x000000000a9ef800 DEOPT UNPACKING pc=0x00000000030d75a4 sp=0x000000000b09eba0 mode 2
Event: 3.557 loading class 0x0000000002f75690
Event: 3.558 loading class 0x0000000002f75690 done
Event: 3.680 loading class 0x000000000a93c8c0
Event: 3.680 loading class 0x000000000a93c8c0 done


Dynamic libraries:
0x00007ff6e71a0000 - 0x00007ff6e71d3000 	C:\Program Files\Java\jdk1.7.0_75\bin\java.exe
0x00007ffa17610000 - 0x00007ffa177b9000 	C:\Windows\SYSTEM32\ntdll.dll
0x00007ffa16850000 - 0x00007ffa16989000 	C:\Windows\system32\KERNEL32.DLL
0x00007ffa14a60000 - 0x00007ffa14b6e000 	C:\Windows\system32\KERNELBASE.dll
0x00007ffa16f30000 - 0x00007ffa16fd5000 	C:\Windows\system32\ADVAPI32.dll
0x00007ffa16db0000 - 0x00007ffa16f21000 	C:\Windows\system32\USER32.dll
0x00007ffa10f70000 - 0x00007ffa111ca000 	C:\Windows\WinSxS\amd64_microsoft.windows.common-controls_6595b64144ccf1df_6.0.9600.16384_none_62475f7becb72503\COMCTL32.dll
0x00007ffa151f0000 - 0x00007ffa15297000 	C:\Windows\system32\msvcrt.dll
0x00007ffa17390000 - 0x00007ffa173e7000 	C:\Windows\SYSTEM32\sechost.dll
0x00007ffa15300000 - 0x00007ffa15436000 	C:\Windows\system32\RPCRT4.dll
0x00007ffa17190000 - 0x00007ffa172d5000 	C:\Windows\system32\GDI32.dll
0x00007ffa14f70000 - 0x00007ffa14fa4000 	C:\Windows\system32\IMM32.DLL
0x00007ffa16fe0000 - 0x00007ffa17119000 	C:\Windows\system32\MSCTF.dll
0x0000000065a60000 - 0x0000000065b32000 	C:\Program Files\Java\jdk1.7.0_75\jre\bin\msvcr100.dll
0x0000000065280000 - 0x0000000065a54000 	C:\Program Files\Java\jdk1.7.0_75\jre\bin\server\jvm.dll
0x00007ffa0ef30000 - 0x00007ffa0ef39000 	C:\Windows\SYSTEM32\WSOCK32.dll
0x00007ffa0faf0000 - 0x00007ffa0fb0f000 	C:\Windows\SYSTEM32\WINMM.dll
0x00007ffa17180000 - 0x00007ffa17187000 	C:\Windows\system32\PSAPI.DLL
0x00007ffa152a0000 - 0x00007ffa152f8000 	C:\Windows\system32\WS2_32.dll
0x00007ffa0fac0000 - 0x00007ffa0faea000 	C:\Windows\SYSTEM32\WINMMBASE.dll
0x00007ffa17590000 - 0x00007ffa17599000 	C:\Windows\system32\NSI.dll
0x00007ffa14bc0000 - 0x00007ffa14c0a000 	C:\Windows\SYSTEM32\cfgmgr32.dll
0x00007ffa13810000 - 0x00007ffa13836000 	C:\Windows\SYSTEM32\DEVOBJ.dll
0x0000000065270000 - 0x000000006527f000 	C:\Program Files\Java\jdk1.7.0_75\jre\bin\verify.dll
0x0000000065240000 - 0x0000000065268000 	C:\Program Files\Java\jdk1.7.0_75\jre\bin\java.dll
0x0000000065220000 - 0x0000000065235000 	C:\Program Files\Java\jdk1.7.0_75\jre\bin\zip.dll

VM Arguments:
jvm_args: -Djava.awt.headless=true -Xmx1024M -Dfile.encoding=GBK -Duser.country=CN -Duser.language=zh -Duser.variant 
java_command: com.android.dx.command.Main --dex --force-jumbo --num-threads=4 --multi-dex --output D:\ASprogects\Tools\app\build\intermediates\transforms\dex\debug\folders\1000\5\slice_5 D:\ASprogects\Tools\app\build\intermediates\transforms\instantRunSlicer\debug\folders\1\5\slice_5
Launcher Type: SUN_STANDARD

Environment Variables:
JAVA_HOME=C:\Program Files\Java\jdk1.8.0_31
PATH=C:\ProgramData\Oracle\Java\javapath;C:\Windows\system32;C:\Windows;C:\Windows\System32\Wbem;C:\Windows\System32\WindowsPowerShell\v1.0\;C:\Program Files\Java\jdk1.8.0_31bin;D:\development\Android\sdk\platform-tools;C:\Program Files\TortoiseGit\bin;C:\Program Files (x86)\Git\bin
USERNAME=Administrator
OS=Windows_NT
PROCESSOR_IDENTIFIER=Intel64 Family 6 Model 58 Stepping 9, GenuineIntel



---------------  S Y S T E M  ---------------

OS: Windows 8.1 , 64 bit Build 9600 

CPU:total 4 (4 cores per cpu, 1 threads per core) family 6 model 58 stepping 9, cmov, cx8, fxsr, mmx, sse, sse2, sse3, ssse3, sse4.1, sse4.2, popcnt, avx, aes, erms, tsc, tscinvbit, tscinv

Memory: 4k page, physical 8259596k(1585256k free), swap 8259596k(11376k free)

vm_info: Java HotSpot(TM) 64-Bit Server VM (24.75-b04) for windows-amd64 JRE (1.7.0_75-b13), built on Dec 18 2014 17:15:01 by "java_re" with unknown MS VC++:1600

time: Thu Jun 16 10:30:33 2016
elapsed time: 4 seconds

