#
# There is insufficient memory for the Java Runtime Environment to continue.
# Native memory allocation (malloc) failed to allocate 68336 bytes for Chunk::new
# Possible reasons:
#   The system is out of physical RAM or swap space
#   In 32 bit mode, the process size limit was hit
# Possible solutions:
#   Reduce memory load on the system
#   Increase physical memory or swap space
#   Check if swap backing store is full
#   Use 64 bit Java on a 64 bit OS
#   Decrease Java heap size (-Xmx/-Xms)
#   Decrease number of Java threads
#   Decrease Java thread stack sizes (-Xss)
#   Set larger code cache with -XX:ReservedCodeCacheSize=
# This output file may be truncated or incomplete.
#
#  Out of Memory Error (allocation.cpp:323), pid=5612, tid=7156
#
# JRE version: Java(TM) SE Runtime Environment (7.0_75-b13) (build 1.7.0_75-b13)
# Java VM: Java HotSpot(TM) 64-Bit Server VM (24.75-b04 mixed mode windows-amd64 compressed oops)
# Failed to write core dump. Minidumps are not enabled by default on client versions of Windows
#

---------------  T H R E A D  ---------------

Current thread (0x0000000008e7e800):  JavaThread "C2 CompilerThread0" daemon [_thread_in_native, id=7156, stack(0x000000000a3d0000,0x000000000a4d0000)]

Stack: [0x000000000a3d0000,0x000000000a4d0000]
[error occurred during error reporting (printing stack bounds), id 0xc0000005]


[error occurred during error reporting (printing native stack), id 0xc0000005]


Current CompileTask:
C2:    933  138             java.util.TreeMap::put (247 bytes)


---------------  P R O C E S S  ---------------

Java Threads: ( => current thread )
  0x000000000aa21800 JavaThread "pool-2-thread-4" [_thread_blocked, id=6980, stack(0x000000000afd0000,0x000000000b0d0000)]
  0x000000000aa44800 JavaThread "pool-2-thread-3" [_thread_in_Java, id=6148, stack(0x000000000aed0000,0x000000000afd0000)]
  0x000000000aa43800 JavaThread "pool-2-thread-2" [_thread_blocked, id=2604, stack(0x000000000add0000,0x000000000aed0000)]
  0x000000000aa42000 JavaThread "pool-3-thread-1" [_thread_blocked, id=2812, stack(0x000000000acd0000,0x000000000add0000)]
  0x000000000a87b000 JavaThread "pool-2-thread-1" [_thread_blocked, id=6540, stack(0x000000000abd0000,0x000000000acd0000)]
  0x0000000008e94000 JavaThread "Service Thread" daemon [_thread_blocked, id=6792, stack(0x000000000a5d0000,0x000000000a6d0000)]
  0x0000000008e80000 JavaThread "C2 CompilerThread1" daemon [_thread_in_native, id=6424, stack(0x000000000a4d0000,0x000000000a5d0000)]
=>0x0000000008e7e800 JavaThread "C2 CompilerThread0" daemon [_thread_in_native, id=7156, stack(0x000000000a3d0000,0x000000000a4d0000)]
  0x0000000008e7d800 JavaThread "Attach Listener" daemon [_thread_blocked, id=5260, stack(0x000000000a2d0000,0x000000000a3d0000)]
  0x0000000008e7a000 JavaThread "Signal Dispatcher" daemon [_thread_blocked, id=6308, stack(0x000000000a1d0000,0x000000000a2d0000)]
  0x0000000008e2f000 JavaThread "Finalizer" daemon [_thread_blocked, id=5736, stack(0x000000000a0d0000,0x000000000a1d0000)]
  0x0000000008e25800 JavaThread "Reference Handler" daemon [_thread_blocked, id=5544, stack(0x0000000009fd0000,0x000000000a0d0000)]
  0x0000000002a8d800 JavaThread "main" [_thread_in_vm, id=6752, stack(0x0000000002a90000,0x0000000002b90000)]

Other Threads:
  0x0000000008e21800 VMThread [stack: 0x0000000009ed0000,0x0000000009fd0000] [id=6412]
  0x0000000008e9e800 WatcherThread [stack: 0x000000000a6d0000,0x000000000a7d0000] [id=6712]

VM state:not at safepoint (normal execution)

VM Mutex/Monitor currently owned by a thread: None

Heap
 PSYoungGen      total 37888K, used 30591K [0x00000000eaa80000, 0x00000000ed480000, 0x0000000100000000)
  eden space 32768K, 93% used [0x00000000eaa80000,0x00000000ec85fcc0,0x00000000eca80000)
  from space 5120K, 0% used [0x00000000ecf80000,0x00000000ecf80000,0x00000000ed480000)
  to   space 5120K, 0% used [0x00000000eca80000,0x00000000eca80000,0x00000000ecf80000)
 ParOldGen       total 86016K, used 0K [0x00000000c0000000, 0x00000000c5400000, 0x00000000eaa80000)
  object space 86016K, 0% used [0x00000000c0000000,0x00000000c0000000,0x00000000c5400000)
 PSPermGen       total 21504K, used 5709K [0x00000000bae00000, 0x00000000bc300000, 0x00000000c0000000)
  object space 21504K, 26% used [0x00000000bae00000,0x00000000bb393578,0x00000000bc300000)

Card table byte_map: [0x0000000006040000,0x0000000006270000] byte_map_base: 0x0000000005a69000

Polling page: 0x0000000001230000

Code Cache  [0x0000000003040000, 0x00000000032b0000, 0x0000000006040000)
 total_blobs=381 nmethods=142 adapters=191 free_code_cache=48534Kb largest_free_block=49678272

Compilation events (10 events):
Event: 0.918 Thread 0x0000000008e80000 nmethod 136 0x00000000030d7d50 code [0x00000000030d7f60, 0x00000000030d89b0]
Event: 0.919 Thread 0x0000000008e7e800  138             java.util.TreeMap::put (247 bytes)
Event: 0.919 Thread 0x0000000008e80000  139   !         com.android.dx.util.IntList::<init> (37 bytes)
Event: 0.920 Thread 0x0000000008e80000 nmethod 139 0x00000000030da950 code [0x00000000030daaa0, 0x00000000030dabd8]
Event: 0.920 Thread 0x0000000008e80000  140             com.android.dx.util.Bits::getMax (6 bytes)
Event: 0.921 Thread 0x0000000008e80000 nmethod 140 0x00000000030da750 code [0x00000000030da880, 0x00000000030da8d8]
Event: 0.921 Thread 0x0000000008e80000  141             com.android.dx.util.Bits::findFirst (61 bytes)
Event: 0.922 Thread 0x0000000008e80000 nmethod 141 0x00000000030dddd0 code [0x00000000030ddf00, 0x00000000030ddfd8]
Event: 0.923 Thread 0x0000000008e80000  142             com.android.dx.ssa.SsaMethod::getDefinitionForRegister (61 bytes)
Event: 0.925 Thread 0x0000000008e80000 nmethod 142 0x00000000030dbf50 code [0x00000000030dc0c0, 0x00000000030dc2e8]

GC Heap History (0 events):
No events

Deoptimization events (2 events):
Event: 0.731 Thread 0x000000000aa44800 Uncommon trap: reason=null_check action=make_not_entrant pc=0x00000000030c80e0 method=com.android.dx.rop.code.LocalItem.equals(Ljava/lang/Object;)Z @ 1
Event: 0.780 Thread 0x000000000a87b000 Uncommon trap: reason=class_check action=maybe_recompile pc=0x00000000030d3dac method=com.android.dx.ssa.NormalSsaInsn.accept(Lcom/android/dx/ssa/SsaInsn$Visitor;)V @ 9

Internal exceptions (10 events):
Event: 0.530 Thread 0x000000000aa21800 Threw 0x00000000ebdd2fc8 at C:\re\jdk7u75\1940\hotspot\src\share\vm\prims\jvm.cpp:1281
Event: 0.531 Thread 0x000000000aa21800 Threw 0x00000000ebdd7338 at C:\re\jdk7u75\1940\hotspot\src\share\vm\prims\jvm.cpp:1281
Event: 0.531 Thread 0x000000000aa21800 Threw 0x00000000ebddca10 at C:\re\jdk7u75\1940\hotspot\src\share\vm\prims\jvm.cpp:1281
Event: 0.532 Thread 0x000000000aa21800 Threw 0x00000000ec0b69a0 at C:\re\jdk7u75\1940\hotspot\src\share\vm\prims\jvm.cpp:1281
Event: 0.532 Thread 0x000000000aa21800 Threw 0x00000000ec0bba68 at C:\re\jdk7u75\1940\hotspot\src\share\vm\prims\jvm.cpp:1281
Event: 0.532 Thread 0x000000000aa44800 Threw 0x00000000ebc3e960 at C:\re\jdk7u75\1940\hotspot\src\share\vm\prims\jvm.cpp:1281
Event: 0.548 Thread 0x0000000002a8d800 Threw 0x00000000ebef6e68 at C:\re\jdk7u75\1940\hotspot\src\share\vm\prims\jvm.cpp:1281
Event: 0.552 Thread 0x0000000002a8d800 Threw 0x00000000ebf0c740 at C:\re\jdk7u75\1940\hotspot\src\share\vm\prims\jvm.cpp:1281
Event: 0.554 Thread 0x000000000a87b000 Threw 0x00000000ebe50430 at C:\re\jdk7u75\1940\hotspot\src\share\vm\prims\jvm.cpp:1281
Event: 0.730 Thread 0x000000000aa44800 Implicit null exception at 0x00000000030c7dbb to 0x00000000030c80cd

Events (10 events):
Event: 0.656 loading class 0x0000000002fc4b10
Event: 0.656 loading class 0x0000000002fc4b10 done
Event: 0.656 loading class 0x0000000002fc4ae0
Event: 0.656 loading class 0x0000000002fc4ae0 done
Event: 0.730 Thread 0x000000000aa44800 Uncommon trap: trap_request=0xfffffff4 fr.pc=0x00000000030c80e0
Event: 0.731 Thread 0x000000000aa44800 DEOPT PACKING pc=0x00000000030c80e0 sp=0x000000000afcec20
Event: 0.731 Thread 0x000000000aa44800 DEOPT UNPACKING pc=0x00000000030775a4 sp=0x000000000afceb70 mode 2
Event: 0.780 Thread 0x000000000a87b000 Uncommon trap: trap_request=0xffffffde fr.pc=0x00000000030d3dac
Event: 0.780 Thread 0x000000000a87b000 DEOPT PACKING pc=0x00000000030d3dac sp=0x000000000accef40
Event: 0.780 Thread 0x000000000a87b000 DEOPT UNPACKING pc=0x00000000030775a4 sp=0x000000000accee60 mode 2


Dynamic libraries:
0x00007ff6e71a0000 - 0x00007ff6e71d3000 	C:\Program Files\Java\jdk1.7.0_75\bin\java.exe
0x00007ffa17610000 - 0x00007ffa177b9000 	C:\Windows\SYSTEM32\ntdll.dll
0x00007ffa16850000 - 0x00007ffa16989000 	C:\Windows\system32\KERNEL32.DLL
0x00007ffa14a60000 - 0x00007ffa14b6e000 	C:\Windows\system32\KERNELBASE.dll
0x00007ffa16f30000 - 0x00007ffa16fd5000 	C:\Windows\system32\ADVAPI32.dll
0x00007ffa16db0000 - 0x00007ffa16f21000 	C:\Windows\system32\USER32.dll
0x00007ffa10f70000 - 0x00007ffa111ca000 	C:\Windows\WinSxS\amd64_microsoft.windows.common-controls_6595b64144ccf1df_6.0.9600.16384_none_62475f7becb72503\COMCTL32.dll
0x00007ffa151f0000 - 0x00007ffa15297000 	C:\Windows\system32\msvcrt.dll
0x00007ffa17390000 - 0x00007ffa173e7000 	C:\Windows\SYSTEM32\sechost.dll
0x00007ffa15300000 - 0x00007ffa15436000 	C:\Windows\system32\RPCRT4.dll
0x00007ffa17190000 - 0x00007ffa172d5000 	C:\Windows\system32\GDI32.dll
0x00007ffa14f70000 - 0x00007ffa14fa4000 	C:\Windows\system32\IMM32.DLL
0x00007ffa16fe0000 - 0x00007ffa17119000 	C:\Windows\system32\MSCTF.dll
0x0000000065a60000 - 0x0000000065b32000 	C:\Program Files\Java\jdk1.7.0_75\jre\bin\msvcr100.dll
0x0000000065280000 - 0x0000000065a54000 	C:\Program Files\Java\jdk1.7.0_75\jre\bin\server\jvm.dll
0x00007ffa0ef30000 - 0x00007ffa0ef39000 	C:\Windows\SYSTEM32\WSOCK32.dll
0x00007ffa0faf0000 - 0x00007ffa0fb0f000 	C:\Windows\SYSTEM32\WINMM.dll
0x00007ffa17180000 - 0x00007ffa17187000 	C:\Windows\system32\PSAPI.DLL
0x00007ffa152a0000 - 0x00007ffa152f8000 	C:\Windows\system32\WS2_32.dll
0x00007ffa0fac0000 - 0x00007ffa0faea000 	C:\Windows\SYSTEM32\WINMMBASE.dll
0x00007ffa17590000 - 0x00007ffa17599000 	C:\Windows\system32\NSI.dll
0x00007ffa14bc0000 - 0x00007ffa14c0a000 	C:\Windows\SYSTEM32\cfgmgr32.dll
0x00007ffa13810000 - 0x00007ffa13836000 	C:\Windows\SYSTEM32\DEVOBJ.dll
0x0000000065270000 - 0x000000006527f000 	C:\Program Files\Java\jdk1.7.0_75\jre\bin\verify.dll
0x0000000065240000 - 0x0000000065268000 	C:\Program Files\Java\jdk1.7.0_75\jre\bin\java.dll
0x0000000065220000 - 0x0000000065235000 	C:\Program Files\Java\jdk1.7.0_75\jre\bin\zip.dll
0x0000000065200000 - 0x0000000065219000 	C:\Program Files\Java\jdk1.7.0_75\jre\bin\net.dll
0x00007ffa14250000 - 0x00007ffa142a8000 	C:\Windows\system32\mswsock.dll
0x00000000651e0000 - 0x00000000651f1000 	C:\Program Files\Java\jdk1.7.0_75\jre\bin\nio.dll

VM Arguments:
jvm_args: -Djava.awt.headless=true -Xmx1024M -Dfile.encoding=GBK -Duser.country=CN -Duser.language=zh -Duser.variant 
java_command: com.android.dx.command.Main --dex --force-jumbo --num-threads=4 --multi-dex --output D:\ASprogects\Tools\app\build\intermediates\transforms\dex\debug\folders\1000\10\rxjava-1.1.0_8154059db95d200c1c1b67851cecc0dd8d9fe67f D:\development\Android\setup\.gradle\caches\modules-2\files-2.1\io.reactivex\rxjava\1.1.0\748f0546d5c3c27f1aef07270ffea0c45f0c42a4\rxjava-1.1.0.jar
Launcher Type: SUN_STANDARD

Environment Variables:
JAVA_HOME=C:\Program Files\Java\jdk1.8.0_31
PATH=C:\ProgramData\Oracle\Java\javapath;C:\Windows\system32;C:\Windows;C:\Windows\System32\Wbem;C:\Windows\System32\WindowsPowerShell\v1.0\;C:\Program Files\Java\jdk1.8.0_31bin;D:\development\Android\sdk\platform-tools;C:\Program Files\TortoiseGit\bin;C:\Program Files (x86)\Git\bin
USERNAME=Administrator
OS=Windows_NT
PROCESSOR_IDENTIFIER=Intel64 Family 6 Model 58 Stepping 9, GenuineIntel



---------------  S Y S T E M  ---------------

OS: Windows 8.1 , 64 bit Build 9600 

CPU:total 4 (4 cores per cpu, 1 threads per core) family 6 model 58 stepping 9, cmov, cx8, fxsr, mmx, sse, sse2, sse3, ssse3, sse4.1, sse4.2, popcnt, avx, aes, erms, tsc, tscinvbit, tscinv

Memory: 4k page, physical 8259596k(1505572k free), swap 8259596k(5148k free)

vm_info: Java HotSpot(TM) 64-Bit Server VM (24.75-b04) for windows-amd64 JRE (1.7.0_75-b13), built on Dec 18 2014 17:15:01 by "java_re" with unknown MS VC++:1600

time: Thu Jun 16 10:30:41 2016
elapsed time: 0 seconds

