#
# There is insufficient memory for the Java Runtime Environment to continue.
# Native memory allocation (malloc) failed to allocate 152416 bytes for Chunk::new
# Possible reasons:
#   The system is out of physical RAM or swap space
#   In 32 bit mode, the process size limit was hit
# Possible solutions:
#   Reduce memory load on the system
#   Increase physical memory or swap space
#   Check if swap backing store is full
#   Use 64 bit Java on a 64 bit OS
#   Decrease Java heap size (-Xmx/-Xms)
#   Decrease number of Java threads
#   Decrease Java thread stack sizes (-Xss)
#   Set larger code cache with -XX:ReservedCodeCacheSize=
# This output file may be truncated or incomplete.
#
#  Out of Memory Error (allocation.cpp:323), pid=3408, tid=384
#
# JRE version: Java(TM) SE Runtime Environment (7.0_75-b13) (build 1.7.0_75-b13)
# Java VM: Java HotSpot(TM) 64-Bit Server VM (24.75-b04 mixed mode windows-amd64 compressed oops)
# Failed to write core dump. Minidumps are not enabled by default on client versions of Windows
#

---------------  T H R E A D  ---------------

Current thread (0x0000000008a28000):  JavaThread "C2 CompilerThread1" daemon [_thread_in_native, id=384, stack(0x000000000a080000,0x000000000a180000)]

Stack: [0x000000000a080000,0x000000000a180000]
[error occurred during error reporting (printing stack bounds), id 0xc0000005]


[error occurred during error reporting (printing native stack), id 0xc0000005]


Current CompileTask:
C2:   3833  309             com.android.dx.ssa.PhiInsn::mapSourceRegisters (78 bytes)


---------------  P R O C E S S  ---------------

Java Threads: ( => current thread )
  0x000000000a422800 JavaThread "pool-2-thread-4" [_thread_in_Java, id=8600, stack(0x000000000ab80000,0x000000000ac80000)]
  0x000000000a449800 JavaThread "pool-3-thread-1" [_thread_blocked, id=5388, stack(0x000000000a880000,0x000000000a980000)]
  0x0000000008a2e800 JavaThread "Service Thread" daemon [_thread_blocked, id=3824, stack(0x000000000a180000,0x000000000a280000)]
=>0x0000000008a28000 JavaThread "C2 CompilerThread1" daemon [_thread_in_native, id=384, stack(0x000000000a080000,0x000000000a180000)]
  0x0000000008a1e800 JavaThread "C2 CompilerThread0" daemon [_thread_blocked, id=3708, stack(0x0000000009f80000,0x000000000a080000)]
  0x0000000008a1d800 JavaThread "Attach Listener" daemon [_thread_blocked, id=8260, stack(0x0000000009e80000,0x0000000009f80000)]
  0x0000000008a1a800 JavaThread "Signal Dispatcher" daemon [_thread_blocked, id=7368, stack(0x0000000009d80000,0x0000000009e80000)]
  0x00000000089ce800 JavaThread "Finalizer" daemon [_thread_blocked, id=9092, stack(0x0000000009c80000,0x0000000009d80000)]
  0x00000000089c5800 JavaThread "Reference Handler" daemon [_thread_blocked, id=7492, stack(0x0000000009b80000,0x0000000009c80000)]
  0x0000000002b2d800 JavaThread "main" [_thread_blocked, id=1284, stack(0x0000000002980000,0x0000000002a80000)]

Other Threads:
  0x00000000089c1800 VMThread [stack: 0x0000000009a80000,0x0000000009b80000] [id=7744]
  0x0000000008a3c800 WatcherThread [stack: 0x000000000a280000,0x000000000a380000] [id=4084]

VM state:not at safepoint (normal execution)

VM Mutex/Monitor currently owned by a thread: None

Heap
 PSYoungGen      total 37888K, used 23679K [0x00000000eaa80000, 0x00000000ef480000, 0x0000000100000000)
  eden space 32768K, 56% used [0x00000000eaa80000,0x00000000ebca11f0,0x00000000eca80000)
  from space 5120K, 99% used [0x00000000eca80000,0x00000000ecf7edf8,0x00000000ecf80000)
  to   space 5120K, 0% used [0x00000000eef80000,0x00000000eef80000,0x00000000ef480000)
 ParOldGen       total 86016K, used 2990K [0x00000000c0000000, 0x00000000c5400000, 0x00000000eaa80000)
  object space 86016K, 3% used [0x00000000c0000000,0x00000000c02eba60,0x00000000c5400000)
 PSPermGen       total 21504K, used 5466K [0x00000000bae00000, 0x00000000bc300000, 0x00000000c0000000)
  object space 21504K, 25% used [0x00000000bae00000,0x00000000bb356b18,0x00000000bc300000)

Card table byte_map: [0x0000000005c30000,0x0000000005e60000] byte_map_base: 0x0000000005659000

Polling page: 0x0000000000cd0000

Code Cache  [0x0000000002c30000, 0x0000000002ea0000, 0x0000000005c30000)
 total_blobs=524 nmethods=308 adapters=168 free_code_cache=47685Kb largest_free_block=48778432

Compilation events (10 events):
Event: 3.652 Thread 0x0000000008a28000 nmethod 304 0x0000000002d83a50 code [0x0000000002d83c00, 0x0000000002d83ef0]
Event: 3.653 Thread 0x0000000008a28000  305             com.android.dx.ssa.LiteralOpUpgrader$1::visitNonMoveInsn (203 bytes)
Event: 3.666 Thread 0x0000000008a28000 nmethod 305 0x0000000002d99e10 code [0x0000000002d9a100, 0x0000000002d9abc0]
Event: 3.666 Thread 0x0000000008a28000  306             com.android.dx.dex.code.RopTranslator::pickOrder (400 bytes)
Event: 3.693 Thread 0x0000000008a28000 nmethod 306 0x0000000002d9bf50 code [0x0000000002d9c180, 0x0000000002d9d4d0]
Event: 3.743 Thread 0x0000000008a28000  307             com.android.dx.rop.cst.CstLiteral32::hashCode (5 bytes)
Event: 3.743 Thread 0x0000000008a28000 nmethod 307 0x0000000002d290d0 code [0x0000000002d29200, 0x0000000002d29258]
Event: 3.746 Thread 0x0000000008a28000  308             com.android.dx.ssa.ConstCollector$2::map (28 bytes)
Event: 3.748 Thread 0x0000000008a28000 nmethod 308 0x0000000002d68e10 code [0x0000000002d68f60, 0x0000000002d69268]
Event: 3.750 Thread 0x0000000008a28000  309             com.android.dx.ssa.PhiInsn::mapSourceRegisters (78 bytes)

GC Heap History (2 events):
Event: 2.406 GC heap before
{Heap before GC invocations=1 (full 0):
 PSYoungGen      total 37888K, used 32768K [0x00000000eaa80000, 0x00000000ed480000, 0x0000000100000000)
  eden space 32768K, 100% used [0x00000000eaa80000,0x00000000eca80000,0x00000000eca80000)
  from space 5120K, 0% used [0x00000000ecf80000,0x00000000ecf80000,0x00000000ed480000)
  to   space 5120K, 0% used [0x00000000eca80000,0x00000000eca80000,0x00000000ecf80000)
 ParOldGen       total 86016K, used 0K [0x00000000c0000000, 0x00000000c5400000, 0x00000000eaa80000)
  object space 86016K, 0% used [0x00000000c0000000,0x00000000c0000000,0x00000000c5400000)
 PSPermGen       total 21504K, used 5412K [0x00000000bae00000, 0x00000000bc300000, 0x00000000c0000000)
  object space 21504K, 25% used [0x00000000bae00000,0x00000000bb3491f8,0x00000000bc300000)
Event: 3.059 GC heap after
Heap after GC invocations=1 (full 0):
 PSYoungGen      total 37888K, used 5115K [0x00000000eaa80000, 0x00000000ef480000, 0x0000000100000000)
  eden space 32768K, 0% used [0x00000000eaa80000,0x00000000eaa80000,0x00000000eca80000)
  from space 5120K, 99% used [0x00000000eca80000,0x00000000ecf7edf8,0x00000000ecf80000)
  to   space 5120K, 0% used [0x00000000eef80000,0x00000000eef80000,0x00000000ef480000)
 ParOldGen       total 86016K, used 2990K [0x00000000c0000000, 0x00000000c5400000, 0x00000000eaa80000)
  object space 86016K, 3% used [0x00000000c0000000,0x00000000c02eba60,0x00000000c5400000)
 PSPermGen       total 21504K, used 5412K [0x00000000bae00000, 0x00000000bc300000, 0x00000000c0000000)
  object space 21504K, 25% used [0x00000000bae00000,0x00000000bb3491f8,0x00000000bc300000)
}

Deoptimization events (7 events):
Event: 0.939 Thread 0x000000000a481800 Uncommon trap: reason=null_check action=make_not_entrant pc=0x0000000002ca806c method=com.android.dx.rop.code.LocalItem.equals(Ljava/lang/Object;)Z @ 1
Event: 3.137 Thread 0x000000000a422800 Uncommon trap: reason=class_check action=maybe_recompile pc=0x0000000002cef9ec method=com.android.dx.ssa.SsaConverter.placePhiFunctions(Lcom/android/dx/ssa/SsaMethod;Lcom/android/dx/ssa/LocalVariableInfo;I)V @ 257
Event: 3.140 Thread 0x000000000a425800 Uncommon trap: reason=class_check action=maybe_recompile pc=0x0000000002cc4d08 method=com.android.dx.ssa.NormalSsaInsn.accept(Lcom/android/dx/ssa/SsaInsn$Visitor;)V @ 9
Event: 3.141 Thread 0x000000000a425800 Uncommon trap: reason=class_check action=maybe_recompile pc=0x0000000002cc4d08 method=com.android.dx.ssa.NormalSsaInsn.accept(Lcom/android/dx/ssa/SsaInsn$Visitor;)V @ 9
Event: 3.141 Thread 0x000000000a425800 Uncommon trap: reason=class_check action=maybe_recompile pc=0x0000000002ca4c58 method=com.android.dx.ssa.NormalSsaInsn.accept(Lcom/android/dx/ssa/SsaInsn$Visitor;)V @ 9
Event: 3.141 Thread 0x000000000a425800 Uncommon trap: reason=class_check action=maybe_recompile pc=0x0000000002cc4d08 method=com.android.dx.ssa.NormalSsaInsn.accept(Lcom/android/dx/ssa/SsaInsn$Visitor;)V @ 9
Event: 3.141 Thread 0x000000000a425800 Uncommon trap: reason=class_check action=maybe_recompile pc=0x0000000002ca4c58 method=com.android.dx.ssa.NormalSsaInsn.accept(Lcom/android/dx/ssa/SsaInsn$Visitor;)V @ 9

Internal exceptions (10 events):
Event: 0.725 Thread 0x000000000a481800 Threw 0x00000000eb424630 at C:\re\jdk7u75\1940\hotspot\src\share\vm\prims\jvm.cpp:1281
Event: 0.726 Thread 0x000000000a481800 Threw 0x00000000eb4d1d08 at C:\re\jdk7u75\1940\hotspot\src\share\vm\prims\jvm.cpp:1281
Event: 0.727 Thread 0x000000000a422800 Threw 0x00000000eb3831f8 at C:\re\jdk7u75\1940\hotspot\src\share\vm\prims\jvm.cpp:1281
Event: 0.734 Thread 0x000000000a447000 Threw 0x00000000eb6234c0 at C:\re\jdk7u75\1940\hotspot\src\share\vm\prims\jvm.cpp:1281
Event: 1.210 Thread 0x0000000002b2d800 Threw 0x00000000eba7e700 at C:\re\jdk7u75\1940\hotspot\src\share\vm\prims\jvm.cpp:1281
Event: 1.211 Thread 0x0000000002b2d800 Threw 0x00000000eba88018 at C:\re\jdk7u75\1940\hotspot\src\share\vm\prims\jvm.cpp:1281
Event: 1.212 Thread 0x0000000002b2d800 Threw 0x00000000eba8b030 at C:\re\jdk7u75\1940\hotspot\src\share\vm\prims\jvm.cpp:1281
Event: 1.580 Thread 0x0000000002b2d800 Threw 0x00000000ec33bcd0 at C:\re\jdk7u75\1940\hotspot\src\share\vm\prims\jvm.cpp:1281
Event: 3.133 Thread 0x000000000a422800 Threw 0x00000000eb50ebf0 at C:\re\jdk7u75\1940\hotspot\src\share\vm\prims\jvm.cpp:1281
Event: 3.137 Thread 0x000000000a422800 Threw 0x00000000eb5517b8 at C:\re\jdk7u75\1940\hotspot\src\share\vm\prims\jvm.cpp:1281

Events (10 events):
Event: 3.141 Thread 0x000000000a425800 Uncommon trap: trap_request=0xffffffde fr.pc=0x0000000002ca4c58
Event: 3.141 Thread 0x000000000a425800 DEOPT PACKING pc=0x0000000002ca4c58 sp=0x000000000aa7e570
Event: 3.141 Thread 0x000000000a425800 DEOPT UNPACKING pc=0x0000000002c675a4 sp=0x000000000aa7e4c0 mode 2
Event: 3.156 loading class 0x0000000002ba9c60
Event: 3.156 loading class 0x0000000002ba9c60 done
Event: 3.156 loading class 0x0000000002ba9c30
Event: 3.175 loading class 0x0000000002ba9c30 done
Event: 3.176 Thread 0x000000000a481800 Thread exited: 0x000000000a481800
Event: 3.565 Thread 0x000000000a447000 Thread exited: 0x000000000a447000
Event: 3.582 Thread 0x000000000a425800 Thread exited: 0x000000000a425800


Dynamic libraries:
0x00007ff667c80000 - 0x00007ff667cb3000 	C:\Program Files\Java\jdk1.7.0_75\bin\java.exe
0x00007ffdc9700000 - 0x00007ffdc98a9000 	C:\Windows\SYSTEM32\ntdll.dll
0x00007ffdc8f40000 - 0x00007ffdc9079000 	C:\Windows\system32\KERNEL32.DLL
0x00007ffdc6d80000 - 0x00007ffdc6e8e000 	C:\Windows\system32\KERNELBASE.dll
0x00007ffdc9630000 - 0x00007ffdc96d5000 	C:\Windows\system32\ADVAPI32.dll
0x00007ffdc9400000 - 0x00007ffdc9571000 	C:\Windows\system32\USER32.dll
0x00007ffdc3ca0000 - 0x00007ffdc3efa000 	C:\Windows\WinSxS\amd64_microsoft.windows.common-controls_6595b64144ccf1df_6.0.9600.16384_none_62475f7becb72503\COMCTL32.dll
0x00007ffdc9580000 - 0x00007ffdc9627000 	C:\Windows\system32\msvcrt.dll
0x00007ffdc7460000 - 0x00007ffdc74b7000 	C:\Windows\SYSTEM32\sechost.dll
0x00007ffdc74c0000 - 0x00007ffdc75f6000 	C:\Windows\system32\RPCRT4.dll
0x00007ffdc8bb0000 - 0x00007ffdc8cf5000 	C:\Windows\system32\GDI32.dll
0x00007ffdc9330000 - 0x00007ffdc9364000 	C:\Windows\system32\IMM32.DLL
0x00007ffdc90f0000 - 0x00007ffdc9229000 	C:\Windows\system32\MSCTF.dll
0x0000000068780000 - 0x0000000068852000 	C:\Program Files\Java\jdk1.7.0_75\jre\bin\msvcr100.dll
0x0000000067fa0000 - 0x0000000068774000 	C:\Program Files\Java\jdk1.7.0_75\jre\bin\server\jvm.dll
0x00007ffdb8ea0000 - 0x00007ffdb8ea9000 	C:\Windows\SYSTEM32\WSOCK32.dll
0x00007ffdc1d40000 - 0x00007ffdc1d5f000 	C:\Windows\SYSTEM32\WINMM.dll
0x00007ffdc9370000 - 0x00007ffdc9377000 	C:\Windows\system32\PSAPI.DLL
0x00007ffdc92d0000 - 0x00007ffdc9328000 	C:\Windows\system32\WS2_32.dll
0x00007ffdc1d10000 - 0x00007ffdc1d3a000 	C:\Windows\SYSTEM32\WINMMBASE.dll
0x00007ffdc90e0000 - 0x00007ffdc90e9000 	C:\Windows\system32\NSI.dll
0x00007ffdc6f40000 - 0x00007ffdc6f8a000 	C:\Windows\SYSTEM32\cfgmgr32.dll
0x00007ffdc5900000 - 0x00007ffdc5926000 	C:\Windows\SYSTEM32\DEVOBJ.dll
0x0000000067f90000 - 0x0000000067f9f000 	C:\Program Files\Java\jdk1.7.0_75\jre\bin\verify.dll
0x0000000067f60000 - 0x0000000067f88000 	C:\Program Files\Java\jdk1.7.0_75\jre\bin\java.dll
0x0000000067f40000 - 0x0000000067f55000 	C:\Program Files\Java\jdk1.7.0_75\jre\bin\zip.dll

VM Arguments:
jvm_args: -Djava.awt.headless=true -Xmx1024M -Dfile.encoding=GBK -Duser.country=CN -Duser.language=zh -Duser.variant 
java_command: com.android.dx.command.Main --dex --force-jumbo --num-threads=4 --multi-dex --output D:\ASprogects\mygit\fastDev\app\build\intermediates\transforms\dex\debug\folders\1000\5\slice_6 D:\ASprogects\mygit\fastDev\app\build\intermediates\transforms\instantRunSlicer\debug\folders\1\5\slice_6
Launcher Type: SUN_STANDARD

Environment Variables:
JAVA_HOME=C:\Program Files\Java\jdk1.8.0_31
PATH=C:\ProgramData\Oracle\Java\javapath;C:\Windows\system32;C:\Windows;C:\Windows\System32\Wbem;C:\Windows\System32\WindowsPowerShell\v1.0\;C:\Program Files\Java\jdk1.8.0_31bin;D:\development\Android\sdk\platform-tools;C:\Program Files\TortoiseGit\bin;C:\Program Files (x86)\Git\bin
USERNAME=Administrator
OS=Windows_NT
PROCESSOR_IDENTIFIER=Intel64 Family 6 Model 58 Stepping 9, GenuineIntel



---------------  S Y S T E M  ---------------

OS: Windows 8.1 , 64 bit Build 9600 

CPU:total 4 (4 cores per cpu, 1 threads per core) family 6 model 58 stepping 9, cmov, cx8, fxsr, mmx, sse, sse2, sse3, ssse3, sse4.1, sse4.2, popcnt, avx, aes, erms, tsc, tscinvbit, tscinv

Memory: 4k page, physical 8259596k(1699544k free), swap 8259596k(9544k free)

vm_info: Java HotSpot(TM) 64-Bit Server VM (24.75-b04) for windows-amd64 JRE (1.7.0_75-b13), built on Dec 18 2014 17:15:01 by "java_re" with unknown MS VC++:1600

time: Wed Jun 22 14:34:19 2016
elapsed time: 3 seconds

